/mnt/hc-storage/users/freyja/get_pangenes/inputs_pseudo_v2_pangenes/tmp/mergedpairs.tsv
/mnt/hc-storage/users/freyja/get_pangenes/inputs_pseudo_v2_pangenes/PlasmoDB-68_PfalciparumDd2.cds.fna
/mnt/hc-storage/users/freyja/get_pangenes/inputs_pseudo_v2_pangenes/PlasmoDB-68_PfalciparumDd2.cds.faa
/mnt/hc-storage/users/freyja/get_pangenes/inputs_pseudo_v2_pangenes/PlasmoDB-68_PfalciparumDd2.cdna.fna
/mnt/hc-storage/users/freyja/get_pangenes/inputs_pseudo_v2_pangenes/PlasmoDB-68_PfalciparumCD01.cds.fna
/mnt/hc-storage/users/freyja/get_pangenes/inputs_pseudo_v2_pangenes/PlasmoDB-68_PfalciparumCD01.cds.faa
/mnt/hc-storage/users/freyja/get_pangenes/inputs_pseudo_v2_pangenes/PlasmoDB-68_PfalciparumCD01.cdna.fna
/mnt/hc-storage/users/freyja/get_pangenes/inputs_pseudo_v2_pangenes/PlasmoDB-68_PfalciparumGA01.cds.fna
/mnt/hc-storage/users/freyja/get_pangenes/inputs_pseudo_v2_pangenes/PlasmoDB-68_PfalciparumGA01.cds.faa
/mnt/hc-storage/users/freyja/get_pangenes/inputs_pseudo_v2_pangenes/PlasmoDB-68_PfalciparumGA01.cdna.fna
/mnt/hc-storage/users/freyja/get_pangenes/inputs_pseudo_v2_pangenes/PlasmoDB-68_PfalciparumNF166.cds.fna
/mnt/hc-storage/users/freyja/get_pangenes/inputs_pseudo_v2_pangenes/PlasmoDB-68_PfalciparumNF166.cds.faa
/mnt/hc-storage/users/freyja/get_pangenes/inputs_pseudo_v2_pangenes/PlasmoDB-68_PfalciparumNF166.cdna.fna
/mnt/hc-storage/users/freyja/get_pangenes/inputs_pseudo_v2_pangenes/PlasmoDB-68_PfalciparumNF54.cds.fna
/mnt/hc-storage/users/freyja/get_pangenes/inputs_pseudo_v2_pangenes/PlasmoDB-68_PfalciparumNF54.cds.faa
/mnt/hc-storage/users/freyja/get_pangenes/inputs_pseudo_v2_pangenes/PlasmoDB-68_PfalciparumNF54.cdna.fna
/mnt/hc-storage/users/freyja/get_pangenes/inputs_pseudo_v2_pangenes/PlasmoDB-68_PfalciparumSN01.cds.fna
/mnt/hc-storage/users/freyja/get_pangenes/inputs_pseudo_v2_pangenes/PlasmoDB-68_PfalciparumSN01.cds.faa
/mnt/hc-storage/users/freyja/get_pangenes/inputs_pseudo_v2_pangenes/PlasmoDB-68_PfalciparumSN01.cdna.fna
/mnt/hc-storage/users/freyja/get_pangenes/inputs_pseudo_v2_pangenes/PlasmoDB-68_PfalciparumKH02.cds.fna
/mnt/hc-storage/users/freyja/get_pangenes/inputs_pseudo_v2_pangenes/PlasmoDB-68_PfalciparumKH02.cds.faa
/mnt/hc-storage/users/freyja/get_pangenes/inputs_pseudo_v2_pangenes/PlasmoDB-68_PfalciparumKH02.cdna.fna
/mnt/hc-storage/users/freyja/get_pangenes/inputs_pseudo_v2_pangenes/PlasmoDB-68_Pfalciparum3D7.cds.fna
/mnt/hc-storage/users/freyja/get_pangenes/inputs_pseudo_v2_pangenes/PlasmoDB-68_Pfalciparum3D7.cds.faa
/mnt/hc-storage/users/freyja/get_pangenes/inputs_pseudo_v2_pangenes/PlasmoDB-68_Pfalciparum3D7.cdna.fna
/mnt/hc-storage/users/freyja/get_pangenes/inputs_pseudo_v2_pangenes/PlasmoDB-68_PfalciparumKE01.cds.fna
/mnt/hc-storage/users/freyja/get_pangenes/inputs_pseudo_v2_pangenes/PlasmoDB-68_PfalciparumKE01.cds.faa
/mnt/hc-storage/users/freyja/get_pangenes/inputs_pseudo_v2_pangenes/PlasmoDB-68_PfalciparumKE01.cdna.fna
/mnt/hc-storage/users/freyja/get_pangenes/inputs_pseudo_v2_pangenes/PlasmoDB-68_PfalciparumIT.cds.fna
/mnt/hc-storage/users/freyja/get_pangenes/inputs_pseudo_v2_pangenes/PlasmoDB-68_PfalciparumIT.cds.faa
/mnt/hc-storage/users/freyja/get_pangenes/inputs_pseudo_v2_pangenes/PlasmoDB-68_PfalciparumIT.cdna.fna
/mnt/hc-storage/users/freyja/get_pangenes/inputs_pseudo_v2_pangenes/PlasmoDB-68_PfalciparumGB4.cds.fna
/mnt/hc-storage/users/freyja/get_pangenes/inputs_pseudo_v2_pangenes/PlasmoDB-68_PfalciparumGB4.cds.faa
/mnt/hc-storage/users/freyja/get_pangenes/inputs_pseudo_v2_pangenes/PlasmoDB-68_PfalciparumGB4.cdna.fna
/mnt/hc-storage/users/freyja/get_pangenes/inputs_pseudo_v2_pangenes/PlasmoDB-68_PfalciparumHB3.cds.fna
/mnt/hc-storage/users/freyja/get_pangenes/inputs_pseudo_v2_pangenes/PlasmoDB-68_PfalciparumHB3.cds.faa
/mnt/hc-storage/users/freyja/get_pangenes/inputs_pseudo_v2_pangenes/PlasmoDB-68_PfalciparumHB3.cdna.fna
/mnt/hc-storage/users/freyja/get_pangenes/inputs_pseudo_v2_pangenes/PlasmoDB-68_Pfalciparum7G8-2019.cds.fna
/mnt/hc-storage/users/freyja/get_pangenes/inputs_pseudo_v2_pangenes/PlasmoDB-68_Pfalciparum7G8-2019.cds.faa
/mnt/hc-storage/users/freyja/get_pangenes/inputs_pseudo_v2_pangenes/PlasmoDB-68_Pfalciparum7G8-2019.cdna.fna
/mnt/hc-storage/users/freyja/get_pangenes/inputs_pseudo_v2_pangenes/PlasmoDB-68_Pfalciparum7G8.cds.fna
/mnt/hc-storage/users/freyja/get_pangenes/inputs_pseudo_v2_pangenes/PlasmoDB-68_Pfalciparum7G8.cds.faa
/mnt/hc-storage/users/freyja/get_pangenes/inputs_pseudo_v2_pangenes/PlasmoDB-68_Pfalciparum7G8.cdna.fna
/mnt/hc-storage/users/freyja/get_pangenes/inputs_pseudo_v2_pangenes/PlasmoDB-68_PfalciparumKH01.cds.fna
/mnt/hc-storage/users/freyja/get_pangenes/inputs_pseudo_v2_pangenes/PlasmoDB-68_PfalciparumKH01.cds.faa
/mnt/hc-storage/users/freyja/get_pangenes/inputs_pseudo_v2_pangenes/PlasmoDB-68_PfalciparumKH01.cdna.fna
/mnt/hc-storage/users/freyja/get_pangenes/inputs_pseudo_v2_pangenes/PlasmoDB-68_PfalciparumGN01.cds.fna
/mnt/hc-storage/users/freyja/get_pangenes/inputs_pseudo_v2_pangenes/PlasmoDB-68_PfalciparumGN01.cds.faa
/mnt/hc-storage/users/freyja/get_pangenes/inputs_pseudo_v2_pangenes/PlasmoDB-68_PfalciparumGN01.cdna.fna
/mnt/hc-storage/users/freyja/get_pangenes/inputs_pseudo_v2_pangenes/PlasmoDB-68_PfalciparumDd2.gdna.fna
/mnt/hc-storage/users/freyja/get_pangenes/inputs_pseudo_v2_pangenes/PlasmoDB-68_PfalciparumCD01.gdna.fna
/mnt/hc-storage/users/freyja/get_pangenes/inputs_pseudo_v2_pangenes/PlasmoDB-68_PfalciparumGA01.gdna.fna
/mnt/hc-storage/users/freyja/get_pangenes/inputs_pseudo_v2_pangenes/PlasmoDB-68_PfalciparumNF166.gdna.fna
/mnt/hc-storage/users/freyja/get_pangenes/inputs_pseudo_v2_pangenes/PlasmoDB-68_PfalciparumNF54.gdna.fna
/mnt/hc-storage/users/freyja/get_pangenes/inputs_pseudo_v2_pangenes/PlasmoDB-68_PfalciparumSN01.gdna.fna
/mnt/hc-storage/users/freyja/get_pangenes/inputs_pseudo_v2_pangenes/PlasmoDB-68_PfalciparumKH02.gdna.fna
/mnt/hc-storage/users/freyja/get_pangenes/inputs_pseudo_v2_pangenes/PlasmoDB-68_Pfalciparum3D7.gdna.fna
/mnt/hc-storage/users/freyja/get_pangenes/inputs_pseudo_v2_pangenes/PlasmoDB-68_PfalciparumKE01.gdna.fna
/mnt/hc-storage/users/freyja/get_pangenes/inputs_pseudo_v2_pangenes/PlasmoDB-68_PfalciparumIT.gdna.fna
/mnt/hc-storage/users/freyja/get_pangenes/inputs_pseudo_v2_pangenes/PlasmoDB-68_PfalciparumGB4.gdna.fna
/mnt/hc-storage/users/freyja/get_pangenes/inputs_pseudo_v2_pangenes/PlasmoDB-68_PfalciparumHB3.gdna.fna
/mnt/hc-storage/users/freyja/get_pangenes/inputs_pseudo_v2_pangenes/PlasmoDB-68_Pfalciparum7G8-2019.gdna.fna
/mnt/hc-storage/users/freyja/get_pangenes/inputs_pseudo_v2_pangenes/PlasmoDB-68_Pfalciparum7G8.gdna.fna
/mnt/hc-storage/users/freyja/get_pangenes/inputs_pseudo_v2_pangenes/PlasmoDB-68_PfalciparumKH01.gdna.fna
/mnt/hc-storage/users/freyja/get_pangenes/inputs_pseudo_v2_pangenes/PlasmoDB-68_PfalciparumGN01.gdna.fna
